<?xml version="1.0" encoding="UTF-8"?>
<!-- Generated by org.testng.reporters.JUnitReportReporter -->
<testsuite skipped="0" hostname="Tm-1-PC" name="com.test.testing" tests="1" failures="0" timestamp="01 May 2018 10:38:54 GMT" time="5.688" errors="0">
  <testcase name="m1" time="5.688" classname="com.test.testing"/>
</testsuite> <!-- com.test.testing -->
